2021-02-22 10:55:44.104  INFO LAPTOP-VQ0I1IDC --- [           main] e.a.c.s.ServiceRegistryMain              : Starting ServiceRegistryMain on LAPTOP-VQ0I1IDC with PID 13320 (started by pbach in C:\Users\pbach\OneDrive - Fachhochschule Burgenland GmbH\arbeit\MiT\CleanCode\UC1_GITHUB\MIT4.0\serviceregistry)
2021-02-22 10:55:44.116 DEBUG LAPTOP-VQ0I1IDC --- [           main] e.a.c.s.ServiceRegistryMain              : Running with Spring Boot v2.1.5.RELEASE, Spring v5.1.7.RELEASE
2021-02-22 10:55:44.117  INFO LAPTOP-VQ0I1IDC --- [           main] e.a.c.s.ServiceRegistryMain              : No active profile set, falling back to default profiles: default
2021-02-22 10:55:49.215  INFO LAPTOP-VQ0I1IDC --- [           main] e.a.c.f.ArrowheadFilter                  : SRAccessControlFilter is active
2021-02-22 10:55:49.251 DEBUG LAPTOP-VQ0I1IDC --- [           main] e.a.c.CoreSystemRegistrationProperties   : initCoreSystem started...
2021-02-22 10:55:49.275 DEBUG LAPTOP-VQ0I1IDC --- [           main] e.a.c.h.HttpService                      : Initializing HttpService...
2021-02-22 10:55:50.026 DEBUG LAPTOP-VQ0I1IDC --- [           main] e.a.c.h.HttpService                      : HttpService is initialized.
2021-02-22 10:55:50.127 DEBUG LAPTOP-VQ0I1IDC --- [           main] e.a.c.s.s.SRAccessControlFilter          : Filter 'SRAccessControlFilter' configured for use
2021-02-22 10:55:53.961  INFO LAPTOP-VQ0I1IDC --- [           main] e.a.c.q.u.UriCrawlerTaskConfig           : URI Crawler task scheduled.
2021-02-22 10:55:54.401  WARN LAPTOP-VQ0I1IDC --- [           main] aWebConfiguration$JpaWebMvcConfiguration : spring.jpa.open-in-view is enabled by default. Therefore, database queries may be performed during view rendering. Explicitly configure spring.jpa.open-in-view to disable this warning
2021-02-22 10:55:54.913  INFO LAPTOP-VQ0I1IDC --- [           main] .c.s.q.t.ProvidersReachabilityTaskConfig : Providers reachabilitiy task is not adjusted
2021-02-22 10:55:54.924  INFO LAPTOP-VQ0I1IDC --- [           main] .c.s.q.t.ProvidersReachabilityTaskConfig : Services end of validity task is not adjusted
2021-02-22 10:55:55.206  INFO LAPTOP-VQ0I1IDC --- [           main] e.a.c.f.ArrowheadFilter                  : PayloadSizeFilter is active
2021-02-22 10:55:57.185 DEBUG LAPTOP-VQ0I1IDC --- [           main] e.a.c.ApplicationInitListener            : Initialization in onApplicationEvent()...
2021-02-22 10:55:57.186  INFO LAPTOP-VQ0I1IDC --- [           main] e.a.c.ApplicationInitListener            : Core system name: SERVICE_REGISTRY
2021-02-22 10:55:57.187  INFO LAPTOP-VQ0I1IDC --- [           main] e.a.c.ApplicationInitListener            : Server mode: SECURED
2021-02-22 10:55:57.187 DEBUG LAPTOP-VQ0I1IDC --- [           main] e.a.c.ApplicationInitListener            : initializeKeyStore started...
2021-02-22 10:55:57.287 DEBUG LAPTOP-VQ0I1IDC --- [           main] e.a.c.ApplicationInitListener            : checkServerCertificate started...
2021-02-22 10:55:57.289  INFO LAPTOP-VQ0I1IDC --- [           main] e.a.c.ApplicationInitListener            : Server CN: service_registry.testcloud2.aitia.arrowhead.eu
2021-02-22 10:55:57.290 DEBUG LAPTOP-VQ0I1IDC --- [           main] e.a.c.ApplicationInitListener            : obtainKeys started...
2021-02-22 10:55:57.367 DEBUG LAPTOP-VQ0I1IDC --- [           main] e.a.c.ApplicationInitListener            : registerCoreSystemServicesToServiceRegistry started...
2021-02-22 10:55:57.368 DEBUG LAPTOP-VQ0I1IDC --- [           main] e.a.c.ApplicationInitListener            : initRequiredCoreSystemServiceUris started...
2021-02-22 10:55:57.369 DEBUG LAPTOP-VQ0I1IDC --- [           main] e.a.c.ApplicationInitListener            : createQueryUri started...
2021-02-22 10:55:57.370 DEBUG LAPTOP-VQ0I1IDC --- [           main] e.a.c.ApplicationInitListener            : Initialization in onApplicationEvent() is done.
2021-02-22 10:55:57.924  INFO LAPTOP-VQ0I1IDC --- [           main] e.a.c.s.ServiceRegistryMain              : Started ServiceRegistryMain in 14.198 seconds (JVM running for 15.172)
2021-02-22 10:56:22.393 DEBUG LAPTOP-VQ0I1IDC --- [0.1-2245-exec-8] e.a.c.f.ArrowheadFilter                  : Checking payload size...
2021-02-22 10:56:22.395 DEBUG LAPTOP-VQ0I1IDC --- [0.1-2245-exec-8] e.a.c.f.ArrowheadFilter                  : Checking access in AccessControlFilter...
2021-02-22 10:56:22.399  INFO LAPTOP-VQ0I1IDC --- [0.1-2245-exec-8] e.a.c.f.ArrowheadFilter                  : Das ist das cloudCN testcloud2.aitia.arrowhead.eu
2021-02-22 10:56:22.399 DEBUG LAPTOP-VQ0I1IDC --- [0.1-2245-exec-8] e.a.c.f.ArrowheadFilter                  : Using MultiReadRequestWrapper in the filter chain from now...
2021-02-22 10:56:22.567 DEBUG LAPTOP-VQ0I1IDC --- [0.1-2245-exec-9] e.a.c.f.ArrowheadFilter                  : Checking payload size...
2021-02-22 10:56:22.567 DEBUG LAPTOP-VQ0I1IDC --- [0.1-2245-exec-9] e.a.c.f.ArrowheadFilter                  : Checking access in AccessControlFilter...
2021-02-22 10:56:22.568  INFO LAPTOP-VQ0I1IDC --- [0.1-2245-exec-9] e.a.c.f.ArrowheadFilter                  : Das ist das cloudCN testcloud2.aitia.arrowhead.eu
2021-02-22 10:56:22.569 DEBUG LAPTOP-VQ0I1IDC --- [0.1-2245-exec-9] e.a.c.f.ArrowheadFilter                  : Using MultiReadRequestWrapper in the filter chain from now...
2021-02-22 10:56:22.650 DEBUG LAPTOP-VQ0I1IDC --- [0.1-2245-exec-9] e.a.c.s.ServiceRegistryController        : Service query request received
2021-02-22 10:56:22.671 DEBUG LAPTOP-VQ0I1IDC --- [0.1-2245-exec-9] e.a.c.s.d.s.ServiceRegistryDBService     : queryRegistry is started...
2021-02-22 10:56:22.768 DEBUG LAPTOP-VQ0I1IDC --- [0.1-2245-exec-9] e.a.c.s.d.s.ServiceRegistryDBService     : Service definition not found: authorization-control-intra
2021-02-22 10:56:22.774 DEBUG LAPTOP-VQ0I1IDC --- [0.1-2245-exec-9] e.a.c.s.ServiceRegistryController        : Return 0 providers for service authorization-control-intra
2021-02-22 10:56:22.847 DEBUG LAPTOP-VQ0I1IDC --- [.1-2245-exec-10] e.a.c.f.ArrowheadFilter                  : Checking payload size...
2021-02-22 10:56:22.848 DEBUG LAPTOP-VQ0I1IDC --- [.1-2245-exec-10] e.a.c.f.ArrowheadFilter                  : Checking access in AccessControlFilter...
2021-02-22 10:56:22.849  INFO LAPTOP-VQ0I1IDC --- [.1-2245-exec-10] e.a.c.f.ArrowheadFilter                  : Das ist das cloudCN testcloud2.aitia.arrowhead.eu
2021-02-22 10:56:22.858 DEBUG LAPTOP-VQ0I1IDC --- [.1-2245-exec-10] e.a.c.f.ArrowheadFilter                  : Using MultiReadRequestWrapper in the filter chain from now...
2021-02-22 10:56:22.865 DEBUG LAPTOP-VQ0I1IDC --- [.1-2245-exec-10] e.a.c.s.ServiceRegistryController        : New service registration request recieved
2021-02-22 10:56:22.867 DEBUG LAPTOP-VQ0I1IDC --- [.1-2245-exec-10] e.a.c.s.ServiceRegistryController        : checkServiceRegistryRequest started...
2021-02-22 10:56:22.868 DEBUG LAPTOP-VQ0I1IDC --- [.1-2245-exec-10] e.a.c.s.ServiceRegistryController        : checkServiceRegistryRequest started...
2021-02-22 10:56:22.868 DEBUG LAPTOP-VQ0I1IDC --- [.1-2245-exec-10] e.a.c.s.ServiceRegistryController        : checkSystemRequest started...
2021-02-22 10:56:22.869 DEBUG LAPTOP-VQ0I1IDC --- [.1-2245-exec-10] e.a.c.i.ServiceInterfaceNameVerifier     : Interface name HTTP-SECURE-JSON validation result: true
2021-02-22 10:56:22.887 DEBUG LAPTOP-VQ0I1IDC --- [.1-2245-exec-10] e.a.c.s.d.s.ServiceRegistryDBService     : registerServiceResponse started...
2021-02-22 10:56:22.889 DEBUG LAPTOP-VQ0I1IDC --- [.1-2245-exec-10] e.a.c.s.d.s.ServiceRegistryDBService     : checkServiceRegistryRequest started...
2021-02-22 10:56:22.892 DEBUG LAPTOP-VQ0I1IDC --- [.1-2245-exec-10] e.a.c.s.d.s.ServiceRegistryDBService     : createServiceDefinition started...
2021-02-22 10:56:22.893 DEBUG LAPTOP-VQ0I1IDC --- [.1-2245-exec-10] e.a.c.s.d.s.ServiceRegistryDBService     : checkConstraintsOfServiceDefinitionTable started...
2021-02-22 10:56:23.008 DEBUG LAPTOP-VQ0I1IDC --- [.1-2245-exec-10] e.a.c.s.d.s.ServiceRegistryDBService     : createSystem started...
2021-02-22 10:56:23.009 DEBUG LAPTOP-VQ0I1IDC --- [.1-2245-exec-10] e.a.c.s.d.s.ServiceRegistryDBService     : validateNonNullSystemParameters started...
2021-02-22 10:56:23.009 DEBUG LAPTOP-VQ0I1IDC --- [.1-2245-exec-10] e.a.c.s.d.s.ServiceRegistryDBService     : checkConstraintsOfSystemTable started...
2021-02-22 10:56:23.024 DEBUG LAPTOP-VQ0I1IDC --- [.1-2245-exec-10] e.a.c.s.d.s.ServiceRegistryDBService     : createServiceRegistry started...
2021-02-22 10:56:23.024 DEBUG LAPTOP-VQ0I1IDC --- [.1-2245-exec-10] e.a.c.s.d.s.ServiceRegistryDBService     : checkConstraintOfSystemRegistryTable started...
2021-02-22 10:56:23.033 DEBUG LAPTOP-VQ0I1IDC --- [.1-2245-exec-10] e.a.c.s.d.s.ServiceRegistryDBService     : checkSRSecurityValue started...
2021-02-22 10:56:23.033 DEBUG LAPTOP-VQ0I1IDC --- [.1-2245-exec-10] e.a.c.s.d.s.ServiceRegistryDBService     : checkSRServiceInterfacesList started...
2021-02-22 10:56:23.034 DEBUG LAPTOP-VQ0I1IDC --- [.1-2245-exec-10] e.a.c.i.ServiceInterfaceNameVerifier     : Interface name HTTP-SECURE-JSON validation result: true
2021-02-22 10:56:23.042 DEBUG LAPTOP-VQ0I1IDC --- [.1-2245-exec-10] e.a.c.s.d.s.ServiceRegistryDBService     : findOrCreateServiceInterfaces started...
2021-02-22 10:56:23.089 DEBUG LAPTOP-VQ0I1IDC --- [.1-2245-exec-10] e.a.c.s.ServiceRegistryController        : authorization successfully registers its service authorization-control-intra
2021-02-22 10:56:23.105 DEBUG LAPTOP-VQ0I1IDC --- [0.1-2245-exec-1] e.a.c.f.ArrowheadFilter                  : Checking payload size...
2021-02-22 10:56:23.106 DEBUG LAPTOP-VQ0I1IDC --- [0.1-2245-exec-1] e.a.c.f.ArrowheadFilter                  : Checking access in AccessControlFilter...
2021-02-22 10:56:23.106  INFO LAPTOP-VQ0I1IDC --- [0.1-2245-exec-1] e.a.c.f.ArrowheadFilter                  : Das ist das cloudCN testcloud2.aitia.arrowhead.eu
2021-02-22 10:56:23.107 DEBUG LAPTOP-VQ0I1IDC --- [0.1-2245-exec-1] e.a.c.f.ArrowheadFilter                  : Using MultiReadRequestWrapper in the filter chain from now...
2021-02-22 10:56:23.111 DEBUG LAPTOP-VQ0I1IDC --- [0.1-2245-exec-1] e.a.c.s.ServiceRegistryController        : Service query request received
2021-02-22 10:56:23.112 DEBUG LAPTOP-VQ0I1IDC --- [0.1-2245-exec-1] e.a.c.s.d.s.ServiceRegistryDBService     : queryRegistry is started...
2021-02-22 10:56:23.115 DEBUG LAPTOP-VQ0I1IDC --- [0.1-2245-exec-1] e.a.c.s.d.s.ServiceRegistryDBService     : Service definition not found: token-generation
2021-02-22 10:56:23.115 DEBUG LAPTOP-VQ0I1IDC --- [0.1-2245-exec-1] e.a.c.s.ServiceRegistryController        : Return 0 providers for service token-generation
2021-02-22 10:56:23.122 DEBUG LAPTOP-VQ0I1IDC --- [0.1-2245-exec-2] e.a.c.f.ArrowheadFilter                  : Checking payload size...
2021-02-22 10:56:23.122 DEBUG LAPTOP-VQ0I1IDC --- [0.1-2245-exec-2] e.a.c.f.ArrowheadFilter                  : Checking access in AccessControlFilter...
2021-02-22 10:56:23.123  INFO LAPTOP-VQ0I1IDC --- [0.1-2245-exec-2] e.a.c.f.ArrowheadFilter                  : Das ist das cloudCN testcloud2.aitia.arrowhead.eu
2021-02-22 10:56:23.124 DEBUG LAPTOP-VQ0I1IDC --- [0.1-2245-exec-2] e.a.c.f.ArrowheadFilter                  : Using MultiReadRequestWrapper in the filter chain from now...
2021-02-22 10:56:23.126 DEBUG LAPTOP-VQ0I1IDC --- [0.1-2245-exec-2] e.a.c.s.ServiceRegistryController        : New service registration request recieved
2021-02-22 10:56:23.127 DEBUG LAPTOP-VQ0I1IDC --- [0.1-2245-exec-2] e.a.c.s.ServiceRegistryController        : checkServiceRegistryRequest started...
2021-02-22 10:56:23.127 DEBUG LAPTOP-VQ0I1IDC --- [0.1-2245-exec-2] e.a.c.s.ServiceRegistryController        : checkServiceRegistryRequest started...
2021-02-22 10:56:23.127 DEBUG LAPTOP-VQ0I1IDC --- [0.1-2245-exec-2] e.a.c.s.ServiceRegistryController        : checkSystemRequest started...
2021-02-22 10:56:23.128 DEBUG LAPTOP-VQ0I1IDC --- [0.1-2245-exec-2] e.a.c.i.ServiceInterfaceNameVerifier     : Interface name HTTP-SECURE-JSON validation result: true
2021-02-22 10:56:23.130 DEBUG LAPTOP-VQ0I1IDC --- [0.1-2245-exec-2] e.a.c.s.d.s.ServiceRegistryDBService     : registerServiceResponse started...
2021-02-22 10:56:23.130 DEBUG LAPTOP-VQ0I1IDC --- [0.1-2245-exec-2] e.a.c.s.d.s.ServiceRegistryDBService     : checkServiceRegistryRequest started...
2021-02-22 10:56:23.132 DEBUG LAPTOP-VQ0I1IDC --- [0.1-2245-exec-2] e.a.c.s.d.s.ServiceRegistryDBService     : createServiceDefinition started...
2021-02-22 10:56:23.133 DEBUG LAPTOP-VQ0I1IDC --- [0.1-2245-exec-2] e.a.c.s.d.s.ServiceRegistryDBService     : checkConstraintsOfServiceDefinitionTable started...
2021-02-22 10:56:23.143 DEBUG LAPTOP-VQ0I1IDC --- [0.1-2245-exec-2] e.a.c.s.d.s.ServiceRegistryDBService     : createServiceRegistry started...
2021-02-22 10:56:23.143 DEBUG LAPTOP-VQ0I1IDC --- [0.1-2245-exec-2] e.a.c.s.d.s.ServiceRegistryDBService     : checkConstraintOfSystemRegistryTable started...
2021-02-22 10:56:23.148 DEBUG LAPTOP-VQ0I1IDC --- [0.1-2245-exec-2] e.a.c.s.d.s.ServiceRegistryDBService     : checkSRSecurityValue started...
2021-02-22 10:56:23.148 DEBUG LAPTOP-VQ0I1IDC --- [0.1-2245-exec-2] e.a.c.s.d.s.ServiceRegistryDBService     : checkSRServiceInterfacesList started...
2021-02-22 10:56:23.148 DEBUG LAPTOP-VQ0I1IDC --- [0.1-2245-exec-2] e.a.c.i.ServiceInterfaceNameVerifier     : Interface name HTTP-SECURE-JSON validation result: true
2021-02-22 10:56:23.150 DEBUG LAPTOP-VQ0I1IDC --- [0.1-2245-exec-2] e.a.c.s.d.s.ServiceRegistryDBService     : findOrCreateServiceInterfaces started...
2021-02-22 10:56:23.160 DEBUG LAPTOP-VQ0I1IDC --- [0.1-2245-exec-2] e.a.c.s.ServiceRegistryController        : authorization successfully registers its service token-generation
2021-02-22 10:56:23.168 DEBUG LAPTOP-VQ0I1IDC --- [0.1-2245-exec-3] e.a.c.f.ArrowheadFilter                  : Checking payload size...
2021-02-22 10:56:23.168 DEBUG LAPTOP-VQ0I1IDC --- [0.1-2245-exec-3] e.a.c.f.ArrowheadFilter                  : Checking access in AccessControlFilter...
2021-02-22 10:56:23.169  INFO LAPTOP-VQ0I1IDC --- [0.1-2245-exec-3] e.a.c.f.ArrowheadFilter                  : Das ist das cloudCN testcloud2.aitia.arrowhead.eu
2021-02-22 10:56:23.169 DEBUG LAPTOP-VQ0I1IDC --- [0.1-2245-exec-3] e.a.c.f.ArrowheadFilter                  : Using MultiReadRequestWrapper in the filter chain from now...
2021-02-22 10:56:23.171 DEBUG LAPTOP-VQ0I1IDC --- [0.1-2245-exec-3] e.a.c.s.ServiceRegistryController        : Service query request received
2021-02-22 10:56:23.171 DEBUG LAPTOP-VQ0I1IDC --- [0.1-2245-exec-3] e.a.c.s.d.s.ServiceRegistryDBService     : queryRegistry is started...
2021-02-22 10:56:23.173 DEBUG LAPTOP-VQ0I1IDC --- [0.1-2245-exec-3] e.a.c.s.d.s.ServiceRegistryDBService     : Service definition not found: auth-public-key
2021-02-22 10:56:23.174 DEBUG LAPTOP-VQ0I1IDC --- [0.1-2245-exec-3] e.a.c.s.ServiceRegistryController        : Return 0 providers for service auth-public-key
2021-02-22 10:56:23.184 DEBUG LAPTOP-VQ0I1IDC --- [0.1-2245-exec-4] e.a.c.f.ArrowheadFilter                  : Checking payload size...
2021-02-22 10:56:23.185 DEBUG LAPTOP-VQ0I1IDC --- [0.1-2245-exec-4] e.a.c.f.ArrowheadFilter                  : Checking access in AccessControlFilter...
2021-02-22 10:56:23.187  INFO LAPTOP-VQ0I1IDC --- [0.1-2245-exec-4] e.a.c.f.ArrowheadFilter                  : Das ist das cloudCN testcloud2.aitia.arrowhead.eu
2021-02-22 10:56:23.189 DEBUG LAPTOP-VQ0I1IDC --- [0.1-2245-exec-4] e.a.c.f.ArrowheadFilter                  : Using MultiReadRequestWrapper in the filter chain from now...
2021-02-22 10:56:23.192 DEBUG LAPTOP-VQ0I1IDC --- [0.1-2245-exec-4] e.a.c.s.ServiceRegistryController        : New service registration request recieved
2021-02-22 10:56:23.193 DEBUG LAPTOP-VQ0I1IDC --- [0.1-2245-exec-4] e.a.c.s.ServiceRegistryController        : checkServiceRegistryRequest started...
2021-02-22 10:56:23.193 DEBUG LAPTOP-VQ0I1IDC --- [0.1-2245-exec-4] e.a.c.s.ServiceRegistryController        : checkServiceRegistryRequest started...
2021-02-22 10:56:23.193 DEBUG LAPTOP-VQ0I1IDC --- [0.1-2245-exec-4] e.a.c.s.ServiceRegistryController        : checkSystemRequest started...
2021-02-22 10:56:23.194 DEBUG LAPTOP-VQ0I1IDC --- [0.1-2245-exec-4] e.a.c.i.ServiceInterfaceNameVerifier     : Interface name HTTP-SECURE-JSON validation result: true
2021-02-22 10:56:23.195 DEBUG LAPTOP-VQ0I1IDC --- [0.1-2245-exec-4] e.a.c.s.d.s.ServiceRegistryDBService     : registerServiceResponse started...
2021-02-22 10:56:23.196 DEBUG LAPTOP-VQ0I1IDC --- [0.1-2245-exec-4] e.a.c.s.d.s.ServiceRegistryDBService     : checkServiceRegistryRequest started...
2021-02-22 10:56:23.198 DEBUG LAPTOP-VQ0I1IDC --- [0.1-2245-exec-4] e.a.c.s.d.s.ServiceRegistryDBService     : createServiceDefinition started...
2021-02-22 10:56:23.199 DEBUG LAPTOP-VQ0I1IDC --- [0.1-2245-exec-4] e.a.c.s.d.s.ServiceRegistryDBService     : checkConstraintsOfServiceDefinitionTable started...
2021-02-22 10:56:23.207 DEBUG LAPTOP-VQ0I1IDC --- [0.1-2245-exec-4] e.a.c.s.d.s.ServiceRegistryDBService     : createServiceRegistry started...
2021-02-22 10:56:23.207 DEBUG LAPTOP-VQ0I1IDC --- [0.1-2245-exec-4] e.a.c.s.d.s.ServiceRegistryDBService     : checkConstraintOfSystemRegistryTable started...
2021-02-22 10:56:23.209 DEBUG LAPTOP-VQ0I1IDC --- [0.1-2245-exec-4] e.a.c.s.d.s.ServiceRegistryDBService     : checkSRSecurityValue started...
2021-02-22 10:56:23.210 DEBUG LAPTOP-VQ0I1IDC --- [0.1-2245-exec-4] e.a.c.s.d.s.ServiceRegistryDBService     : checkSRServiceInterfacesList started...
2021-02-22 10:56:23.211 DEBUG LAPTOP-VQ0I1IDC --- [0.1-2245-exec-4] e.a.c.i.ServiceInterfaceNameVerifier     : Interface name HTTP-SECURE-JSON validation result: true
2021-02-22 10:56:23.214 DEBUG LAPTOP-VQ0I1IDC --- [0.1-2245-exec-4] e.a.c.s.d.s.ServiceRegistryDBService     : findOrCreateServiceInterfaces started...
2021-02-22 10:56:23.226 DEBUG LAPTOP-VQ0I1IDC --- [0.1-2245-exec-4] e.a.c.s.ServiceRegistryController        : authorization successfully registers its service auth-public-key
2021-02-22 10:56:23.235 DEBUG LAPTOP-VQ0I1IDC --- [0.1-2245-exec-5] e.a.c.f.ArrowheadFilter                  : Checking payload size...
2021-02-22 10:56:23.236 DEBUG LAPTOP-VQ0I1IDC --- [0.1-2245-exec-5] e.a.c.f.ArrowheadFilter                  : Checking access in AccessControlFilter...
2021-02-22 10:56:23.237  INFO LAPTOP-VQ0I1IDC --- [0.1-2245-exec-5] e.a.c.f.ArrowheadFilter                  : Das ist das cloudCN testcloud2.aitia.arrowhead.eu
2021-02-22 10:56:23.238 DEBUG LAPTOP-VQ0I1IDC --- [0.1-2245-exec-5] e.a.c.f.ArrowheadFilter                  : Using MultiReadRequestWrapper in the filter chain from now...
2021-02-22 10:56:23.241 DEBUG LAPTOP-VQ0I1IDC --- [0.1-2245-exec-5] e.a.c.s.ServiceRegistryController        : Service query request received
2021-02-22 10:56:23.242 DEBUG LAPTOP-VQ0I1IDC --- [0.1-2245-exec-5] e.a.c.s.d.s.ServiceRegistryDBService     : queryRegistry is started...
2021-02-22 10:56:23.245 DEBUG LAPTOP-VQ0I1IDC --- [0.1-2245-exec-5] e.a.c.s.d.s.ServiceRegistryDBService     : Service definition not found: authorization-control-subscription
2021-02-22 10:56:23.245 DEBUG LAPTOP-VQ0I1IDC --- [0.1-2245-exec-5] e.a.c.s.ServiceRegistryController        : Return 0 providers for service authorization-control-subscription
2021-02-22 10:56:23.252 DEBUG LAPTOP-VQ0I1IDC --- [0.1-2245-exec-6] e.a.c.f.ArrowheadFilter                  : Checking payload size...
2021-02-22 10:56:23.253 DEBUG LAPTOP-VQ0I1IDC --- [0.1-2245-exec-6] e.a.c.f.ArrowheadFilter                  : Checking access in AccessControlFilter...
2021-02-22 10:56:23.253  INFO LAPTOP-VQ0I1IDC --- [0.1-2245-exec-6] e.a.c.f.ArrowheadFilter                  : Das ist das cloudCN testcloud2.aitia.arrowhead.eu
2021-02-22 10:56:23.254 DEBUG LAPTOP-VQ0I1IDC --- [0.1-2245-exec-6] e.a.c.f.ArrowheadFilter                  : Using MultiReadRequestWrapper in the filter chain from now...
2021-02-22 10:56:23.257 DEBUG LAPTOP-VQ0I1IDC --- [0.1-2245-exec-6] e.a.c.s.ServiceRegistryController        : New service registration request recieved
2021-02-22 10:56:23.258 DEBUG LAPTOP-VQ0I1IDC --- [0.1-2245-exec-6] e.a.c.s.ServiceRegistryController        : checkServiceRegistryRequest started...
2021-02-22 10:56:23.259 DEBUG LAPTOP-VQ0I1IDC --- [0.1-2245-exec-6] e.a.c.s.ServiceRegistryController        : checkServiceRegistryRequest started...
2021-02-22 10:56:23.259 DEBUG LAPTOP-VQ0I1IDC --- [0.1-2245-exec-6] e.a.c.s.ServiceRegistryController        : checkSystemRequest started...
2021-02-22 10:56:23.260 DEBUG LAPTOP-VQ0I1IDC --- [0.1-2245-exec-6] e.a.c.i.ServiceInterfaceNameVerifier     : Interface name HTTP-SECURE-JSON validation result: true
2021-02-22 10:56:23.261 DEBUG LAPTOP-VQ0I1IDC --- [0.1-2245-exec-6] e.a.c.s.d.s.ServiceRegistryDBService     : registerServiceResponse started...
2021-02-22 10:56:23.261 DEBUG LAPTOP-VQ0I1IDC --- [0.1-2245-exec-6] e.a.c.s.d.s.ServiceRegistryDBService     : checkServiceRegistryRequest started...
2021-02-22 10:56:23.266 DEBUG LAPTOP-VQ0I1IDC --- [0.1-2245-exec-6] e.a.c.s.d.s.ServiceRegistryDBService     : createServiceDefinition started...
2021-02-22 10:56:23.267 DEBUG LAPTOP-VQ0I1IDC --- [0.1-2245-exec-6] e.a.c.s.d.s.ServiceRegistryDBService     : checkConstraintsOfServiceDefinitionTable started...
2021-02-22 10:56:23.284 DEBUG LAPTOP-VQ0I1IDC --- [0.1-2245-exec-6] e.a.c.s.d.s.ServiceRegistryDBService     : createServiceRegistry started...
2021-02-22 10:56:23.285 DEBUG LAPTOP-VQ0I1IDC --- [0.1-2245-exec-6] e.a.c.s.d.s.ServiceRegistryDBService     : checkConstraintOfSystemRegistryTable started...
2021-02-22 10:56:23.286 DEBUG LAPTOP-VQ0I1IDC --- [0.1-2245-exec-6] e.a.c.s.d.s.ServiceRegistryDBService     : checkSRSecurityValue started...
2021-02-22 10:56:23.286 DEBUG LAPTOP-VQ0I1IDC --- [0.1-2245-exec-6] e.a.c.s.d.s.ServiceRegistryDBService     : checkSRServiceInterfacesList started...
2021-02-22 10:56:23.287 DEBUG LAPTOP-VQ0I1IDC --- [0.1-2245-exec-6] e.a.c.i.ServiceInterfaceNameVerifier     : Interface name HTTP-SECURE-JSON validation result: true
2021-02-22 10:56:23.289 DEBUG LAPTOP-VQ0I1IDC --- [0.1-2245-exec-6] e.a.c.s.d.s.ServiceRegistryDBService     : findOrCreateServiceInterfaces started...
2021-02-22 10:56:23.312 DEBUG LAPTOP-VQ0I1IDC --- [0.1-2245-exec-6] e.a.c.s.ServiceRegistryController        : authorization successfully registers its service authorization-control-subscription
2021-02-22 10:56:23.953 DEBUG LAPTOP-VQ0I1IDC --- [eduler_Worker-1] e.a.c.q.u.UriCrawlerTask                 : STARTED: URI crawler task
2021-02-22 10:56:23.953 DEBUG LAPTOP-VQ0I1IDC --- [eduler_Worker-1] e.a.c.q.u.UriCrawlerTask                 : getRequiredServices started...
2021-02-22 10:56:23.953 DEBUG LAPTOP-VQ0I1IDC --- [eduler_Worker-1] e.a.c.q.u.UriCrawlerTask                 : cancelJob started...
2021-02-22 10:56:23.953 DEBUG LAPTOP-VQ0I1IDC --- [eduler_Worker-1] e.a.c.q.u.UriCrawlerTask                 : STOPPED: URI crawler task.
2021-02-22 10:56:41.689 DEBUG LAPTOP-VQ0I1IDC --- [0.1-2245-exec-5] e.a.c.f.ArrowheadFilter                  : Checking payload size...
2021-02-22 10:56:41.690 DEBUG LAPTOP-VQ0I1IDC --- [0.1-2245-exec-5] e.a.c.f.ArrowheadFilter                  : Checking access in AccessControlFilter...
2021-02-22 10:56:41.691  INFO LAPTOP-VQ0I1IDC --- [0.1-2245-exec-5] e.a.c.f.ArrowheadFilter                  : Das ist das cloudCN testcloud2.aitia.arrowhead.eu
2021-02-22 10:56:41.691 DEBUG LAPTOP-VQ0I1IDC --- [0.1-2245-exec-5] e.a.c.f.ArrowheadFilter                  : Using MultiReadRequestWrapper in the filter chain from now...
2021-02-22 10:56:41.805 DEBUG LAPTOP-VQ0I1IDC --- [0.1-2245-exec-6] e.a.c.f.ArrowheadFilter                  : Checking payload size...
2021-02-22 10:56:41.805 DEBUG LAPTOP-VQ0I1IDC --- [0.1-2245-exec-6] e.a.c.f.ArrowheadFilter                  : Checking access in AccessControlFilter...
2021-02-22 10:56:41.806  INFO LAPTOP-VQ0I1IDC --- [0.1-2245-exec-6] e.a.c.f.ArrowheadFilter                  : Das ist das cloudCN testcloud2.aitia.arrowhead.eu
2021-02-22 10:56:41.806 DEBUG LAPTOP-VQ0I1IDC --- [0.1-2245-exec-6] e.a.c.f.ArrowheadFilter                  : Using MultiReadRequestWrapper in the filter chain from now...
2021-02-22 10:56:41.811 DEBUG LAPTOP-VQ0I1IDC --- [0.1-2245-exec-6] e.a.c.s.ServiceRegistryController        : Service query request received
2021-02-22 10:56:41.811 DEBUG LAPTOP-VQ0I1IDC --- [0.1-2245-exec-6] e.a.c.s.d.s.ServiceRegistryDBService     : queryRegistry is started...
2021-02-22 10:56:41.815 DEBUG LAPTOP-VQ0I1IDC --- [0.1-2245-exec-6] e.a.c.s.d.s.ServiceRegistryDBService     : Service definition not found: orchestration-service
2021-02-22 10:56:41.815 DEBUG LAPTOP-VQ0I1IDC --- [0.1-2245-exec-6] e.a.c.s.ServiceRegistryController        : Return 0 providers for service orchestration-service
2021-02-22 10:56:41.849 DEBUG LAPTOP-VQ0I1IDC --- [0.1-2245-exec-7] e.a.c.f.ArrowheadFilter                  : Checking payload size...
2021-02-22 10:56:41.850 DEBUG LAPTOP-VQ0I1IDC --- [0.1-2245-exec-7] e.a.c.f.ArrowheadFilter                  : Checking access in AccessControlFilter...
2021-02-22 10:56:41.851  INFO LAPTOP-VQ0I1IDC --- [0.1-2245-exec-7] e.a.c.f.ArrowheadFilter                  : Das ist das cloudCN testcloud2.aitia.arrowhead.eu
2021-02-22 10:56:41.852 DEBUG LAPTOP-VQ0I1IDC --- [0.1-2245-exec-7] e.a.c.f.ArrowheadFilter                  : Using MultiReadRequestWrapper in the filter chain from now...
2021-02-22 10:56:41.854 DEBUG LAPTOP-VQ0I1IDC --- [0.1-2245-exec-7] e.a.c.s.ServiceRegistryController        : New service registration request recieved
2021-02-22 10:56:41.855 DEBUG LAPTOP-VQ0I1IDC --- [0.1-2245-exec-7] e.a.c.s.ServiceRegistryController        : checkServiceRegistryRequest started...
2021-02-22 10:56:41.855 DEBUG LAPTOP-VQ0I1IDC --- [0.1-2245-exec-7] e.a.c.s.ServiceRegistryController        : checkServiceRegistryRequest started...
2021-02-22 10:56:41.855 DEBUG LAPTOP-VQ0I1IDC --- [0.1-2245-exec-7] e.a.c.s.ServiceRegistryController        : checkSystemRequest started...
2021-02-22 10:56:41.855 DEBUG LAPTOP-VQ0I1IDC --- [0.1-2245-exec-7] e.a.c.i.ServiceInterfaceNameVerifier     : Interface name HTTP-SECURE-JSON validation result: true
2021-02-22 10:56:41.855 DEBUG LAPTOP-VQ0I1IDC --- [0.1-2245-exec-7] e.a.c.s.d.s.ServiceRegistryDBService     : registerServiceResponse started...
2021-02-22 10:56:41.855 DEBUG LAPTOP-VQ0I1IDC --- [0.1-2245-exec-7] e.a.c.s.d.s.ServiceRegistryDBService     : checkServiceRegistryRequest started...
2021-02-22 10:56:41.858 DEBUG LAPTOP-VQ0I1IDC --- [0.1-2245-exec-7] e.a.c.s.d.s.ServiceRegistryDBService     : createServiceDefinition started...
2021-02-22 10:56:41.859 DEBUG LAPTOP-VQ0I1IDC --- [0.1-2245-exec-7] e.a.c.s.d.s.ServiceRegistryDBService     : checkConstraintsOfServiceDefinitionTable started...
2021-02-22 10:56:41.870 DEBUG LAPTOP-VQ0I1IDC --- [0.1-2245-exec-7] e.a.c.s.d.s.ServiceRegistryDBService     : createSystem started...
2021-02-22 10:56:41.871 DEBUG LAPTOP-VQ0I1IDC --- [0.1-2245-exec-7] e.a.c.s.d.s.ServiceRegistryDBService     : validateNonNullSystemParameters started...
2021-02-22 10:56:41.871 DEBUG LAPTOP-VQ0I1IDC --- [0.1-2245-exec-7] e.a.c.s.d.s.ServiceRegistryDBService     : checkConstraintsOfSystemTable started...
2021-02-22 10:56:41.878 DEBUG LAPTOP-VQ0I1IDC --- [0.1-2245-exec-7] e.a.c.s.d.s.ServiceRegistryDBService     : createServiceRegistry started...
2021-02-22 10:56:41.879 DEBUG LAPTOP-VQ0I1IDC --- [0.1-2245-exec-7] e.a.c.s.d.s.ServiceRegistryDBService     : checkConstraintOfSystemRegistryTable started...
2021-02-22 10:56:41.884 DEBUG LAPTOP-VQ0I1IDC --- [0.1-2245-exec-7] e.a.c.s.d.s.ServiceRegistryDBService     : checkSRSecurityValue started...
2021-02-22 10:56:41.885 DEBUG LAPTOP-VQ0I1IDC --- [0.1-2245-exec-7] e.a.c.s.d.s.ServiceRegistryDBService     : checkSRServiceInterfacesList started...
2021-02-22 10:56:41.885 DEBUG LAPTOP-VQ0I1IDC --- [0.1-2245-exec-7] e.a.c.i.ServiceInterfaceNameVerifier     : Interface name HTTP-SECURE-JSON validation result: true
2021-02-22 10:56:41.888 DEBUG LAPTOP-VQ0I1IDC --- [0.1-2245-exec-7] e.a.c.s.d.s.ServiceRegistryDBService     : findOrCreateServiceInterfaces started...
2021-02-22 10:56:41.902 DEBUG LAPTOP-VQ0I1IDC --- [0.1-2245-exec-7] e.a.c.s.ServiceRegistryController        : orchestrator successfully registers its service orchestration-service
2021-02-22 10:57:08.347 DEBUG LAPTOP-VQ0I1IDC --- [0.1-2245-exec-8] e.a.c.f.ArrowheadFilter                  : Checking payload size...
2021-02-22 10:57:08.347 DEBUG LAPTOP-VQ0I1IDC --- [0.1-2245-exec-8] e.a.c.f.ArrowheadFilter                  : Checking access in AccessControlFilter...
2021-02-22 10:57:08.349  INFO LAPTOP-VQ0I1IDC --- [0.1-2245-exec-8] e.a.c.f.ArrowheadFilter                  : Das ist das cloudCN testcloud2.aitia.arrowhead.eu
2021-02-22 10:57:08.350 DEBUG LAPTOP-VQ0I1IDC --- [0.1-2245-exec-8] e.a.c.f.ArrowheadFilter                  : Using MultiReadRequestWrapper in the filter chain from now...
2021-02-22 10:57:08.362 DEBUG LAPTOP-VQ0I1IDC --- [0.1-2245-exec-9] e.a.c.f.ArrowheadFilter                  : Checking payload size...
2021-02-22 10:57:08.363 DEBUG LAPTOP-VQ0I1IDC --- [0.1-2245-exec-9] e.a.c.f.ArrowheadFilter                  : Checking access in AccessControlFilter...
2021-02-22 10:57:08.364  INFO LAPTOP-VQ0I1IDC --- [0.1-2245-exec-9] e.a.c.f.ArrowheadFilter                  : Das ist das cloudCN testcloud2.aitia.arrowhead.eu
2021-02-22 10:57:08.365 DEBUG LAPTOP-VQ0I1IDC --- [0.1-2245-exec-9] e.a.c.f.ArrowheadFilter                  : Using MultiReadRequestWrapper in the filter chain from now...
2021-02-22 10:57:08.372 DEBUG LAPTOP-VQ0I1IDC --- [0.1-2245-exec-9] e.a.c.s.ServiceRegistryController        : Service query request received
2021-02-22 10:57:08.377 DEBUG LAPTOP-VQ0I1IDC --- [0.1-2245-exec-9] e.a.c.s.d.s.ServiceRegistryDBService     : queryRegistry is started...
2021-02-22 10:57:08.426 DEBUG LAPTOP-VQ0I1IDC --- [0.1-2245-exec-9] e.a.c.s.d.s.ServiceRegistryDBService     : Potential service providers before filtering: 1
2021-02-22 10:57:08.426 DEBUG LAPTOP-VQ0I1IDC --- [0.1-2245-exec-9] e.a.c.s.d.s.ServiceRegistryDBService     : Potential service providers after filtering: 1
2021-02-22 10:57:08.427 DEBUG LAPTOP-VQ0I1IDC --- [0.1-2245-exec-9] e.a.c.s.ServiceRegistryController        : Return 1 providers for service token-generation
2021-02-22 10:57:08.439 DEBUG LAPTOP-VQ0I1IDC --- [.1-2245-exec-10] e.a.c.f.ArrowheadFilter                  : Checking payload size...
2021-02-22 10:57:08.440 DEBUG LAPTOP-VQ0I1IDC --- [.1-2245-exec-10] e.a.c.f.ArrowheadFilter                  : Checking access in AccessControlFilter...
2021-02-22 10:57:08.441  INFO LAPTOP-VQ0I1IDC --- [.1-2245-exec-10] e.a.c.f.ArrowheadFilter                  : Das ist das cloudCN testcloud2.aitia.arrowhead.eu
2021-02-22 10:57:08.441 DEBUG LAPTOP-VQ0I1IDC --- [.1-2245-exec-10] e.a.c.f.ArrowheadFilter                  : Using MultiReadRequestWrapper in the filter chain from now...
2021-02-22 10:57:08.443 DEBUG LAPTOP-VQ0I1IDC --- [.1-2245-exec-10] e.a.c.s.ServiceRegistryController        : Service query request received
2021-02-22 10:57:08.444 DEBUG LAPTOP-VQ0I1IDC --- [.1-2245-exec-10] e.a.c.s.d.s.ServiceRegistryDBService     : queryRegistry is started...
2021-02-22 10:57:08.471 DEBUG LAPTOP-VQ0I1IDC --- [.1-2245-exec-10] e.a.c.s.d.s.ServiceRegistryDBService     : Potential service providers before filtering: 1
2021-02-22 10:57:08.471 DEBUG LAPTOP-VQ0I1IDC --- [.1-2245-exec-10] e.a.c.s.d.s.ServiceRegistryDBService     : Potential service providers after filtering: 1
2021-02-22 10:57:08.475 DEBUG LAPTOP-VQ0I1IDC --- [.1-2245-exec-10] e.a.c.s.ServiceRegistryController        : Return 1 providers for service authorization-control-intra
2021-02-22 10:57:09.978 DEBUG LAPTOP-VQ0I1IDC --- [0.1-2245-exec-9] e.a.c.f.ArrowheadFilter                  : Checking payload size...
2021-02-22 10:57:09.978 DEBUG LAPTOP-VQ0I1IDC --- [0.1-2245-exec-9] e.a.c.f.ArrowheadFilter                  : Checking access in AccessControlFilter...
2021-02-22 10:57:09.978  INFO LAPTOP-VQ0I1IDC --- [0.1-2245-exec-9] e.a.c.f.ArrowheadFilter                  : Das ist das cloudCN testcloud2.aitia.arrowhead.eu
2021-02-22 10:57:09.979 DEBUG LAPTOP-VQ0I1IDC --- [0.1-2245-exec-9] e.a.c.f.ArrowheadFilter                  : Using MultiReadRequestWrapper in the filter chain from now...
2021-02-22 10:57:10.101 DEBUG LAPTOP-VQ0I1IDC --- [.1-2245-exec-10] e.a.c.f.ArrowheadFilter                  : Checking payload size...
2021-02-22 10:57:10.101 DEBUG LAPTOP-VQ0I1IDC --- [.1-2245-exec-10] e.a.c.f.ArrowheadFilter                  : Checking access in AccessControlFilter...
2021-02-22 10:57:10.102  INFO LAPTOP-VQ0I1IDC --- [.1-2245-exec-10] e.a.c.f.ArrowheadFilter                  : Das ist das cloudCN testcloud2.aitia.arrowhead.eu
2021-02-22 10:57:10.104 DEBUG LAPTOP-VQ0I1IDC --- [.1-2245-exec-10] e.a.c.f.ArrowheadFilter                  : Using MultiReadRequestWrapper in the filter chain from now...
2021-02-22 10:57:10.106 DEBUG LAPTOP-VQ0I1IDC --- [.1-2245-exec-10] e.a.c.s.ServiceRegistryController        : Service query request received
2021-02-22 10:57:10.106 DEBUG LAPTOP-VQ0I1IDC --- [.1-2245-exec-10] e.a.c.s.d.s.ServiceRegistryDBService     : queryRegistry is started...
2021-02-22 10:57:10.108 DEBUG LAPTOP-VQ0I1IDC --- [.1-2245-exec-10] e.a.c.s.d.s.ServiceRegistryDBService     : Service definition not found: cltc_array_single
2021-02-22 10:57:10.108 DEBUG LAPTOP-VQ0I1IDC --- [.1-2245-exec-10] e.a.c.s.ServiceRegistryController        : Return 0 providers for service cltc_array_single
2021-02-22 10:57:10.135 DEBUG LAPTOP-VQ0I1IDC --- [0.1-2245-exec-1] e.a.c.f.ArrowheadFilter                  : Checking payload size...
2021-02-22 10:57:10.136 DEBUG LAPTOP-VQ0I1IDC --- [0.1-2245-exec-1] e.a.c.f.ArrowheadFilter                  : Checking access in AccessControlFilter...
2021-02-22 10:57:10.136  INFO LAPTOP-VQ0I1IDC --- [0.1-2245-exec-1] e.a.c.f.ArrowheadFilter                  : Das ist das cloudCN testcloud2.aitia.arrowhead.eu
2021-02-22 10:57:10.137 DEBUG LAPTOP-VQ0I1IDC --- [0.1-2245-exec-1] e.a.c.f.ArrowheadFilter                  : Using MultiReadRequestWrapper in the filter chain from now...
2021-02-22 10:57:10.139 DEBUG LAPTOP-VQ0I1IDC --- [0.1-2245-exec-1] e.a.c.s.ServiceRegistryController        : New service registration request recieved
2021-02-22 10:57:10.139 DEBUG LAPTOP-VQ0I1IDC --- [0.1-2245-exec-1] e.a.c.s.ServiceRegistryController        : checkServiceRegistryRequest started...
2021-02-22 10:57:10.139 DEBUG LAPTOP-VQ0I1IDC --- [0.1-2245-exec-1] e.a.c.s.ServiceRegistryController        : checkServiceRegistryRequest started...
2021-02-22 10:57:10.140 DEBUG LAPTOP-VQ0I1IDC --- [0.1-2245-exec-1] e.a.c.s.ServiceRegistryController        : checkSystemRequest started...
2021-02-22 10:57:10.140 DEBUG LAPTOP-VQ0I1IDC --- [0.1-2245-exec-1] e.a.c.i.ServiceInterfaceNameVerifier     : Interface name HTTP-SECURE-JSON validation result: true
2021-02-22 10:57:10.141 DEBUG LAPTOP-VQ0I1IDC --- [0.1-2245-exec-1] e.a.c.s.d.s.ServiceRegistryDBService     : registerServiceResponse started...
2021-02-22 10:57:10.141 DEBUG LAPTOP-VQ0I1IDC --- [0.1-2245-exec-1] e.a.c.s.d.s.ServiceRegistryDBService     : checkServiceRegistryRequest started...
2021-02-22 10:57:10.143 DEBUG LAPTOP-VQ0I1IDC --- [0.1-2245-exec-1] e.a.c.s.d.s.ServiceRegistryDBService     : createServiceDefinition started...
2021-02-22 10:57:10.143 DEBUG LAPTOP-VQ0I1IDC --- [0.1-2245-exec-1] e.a.c.s.d.s.ServiceRegistryDBService     : checkConstraintsOfServiceDefinitionTable started...
2021-02-22 10:57:10.150 DEBUG LAPTOP-VQ0I1IDC --- [0.1-2245-exec-1] e.a.c.s.d.s.ServiceRegistryDBService     : createSystem started...
2021-02-22 10:57:10.151 DEBUG LAPTOP-VQ0I1IDC --- [0.1-2245-exec-1] e.a.c.s.d.s.ServiceRegistryDBService     : validateNonNullSystemParameters started...
2021-02-22 10:57:10.152 DEBUG LAPTOP-VQ0I1IDC --- [0.1-2245-exec-1] e.a.c.s.d.s.ServiceRegistryDBService     : checkConstraintsOfSystemTable started...
2021-02-22 10:57:10.156 DEBUG LAPTOP-VQ0I1IDC --- [0.1-2245-exec-1] e.a.c.s.d.s.ServiceRegistryDBService     : createServiceRegistry started...
2021-02-22 10:57:10.157 DEBUG LAPTOP-VQ0I1IDC --- [0.1-2245-exec-1] e.a.c.s.d.s.ServiceRegistryDBService     : checkConstraintOfSystemRegistryTable started...
2021-02-22 10:57:10.159 DEBUG LAPTOP-VQ0I1IDC --- [0.1-2245-exec-1] e.a.c.s.d.s.ServiceRegistryDBService     : checkSRSecurityValue started...
2021-02-22 10:57:10.159 DEBUG LAPTOP-VQ0I1IDC --- [0.1-2245-exec-1] e.a.c.s.d.s.ServiceRegistryDBService     : checkSRServiceInterfacesList started...
2021-02-22 10:57:10.159 DEBUG LAPTOP-VQ0I1IDC --- [0.1-2245-exec-1] e.a.c.i.ServiceInterfaceNameVerifier     : Interface name HTTP-SECURE-JSON validation result: true
2021-02-22 10:57:10.161 DEBUG LAPTOP-VQ0I1IDC --- [0.1-2245-exec-1] e.a.c.s.d.s.ServiceRegistryDBService     : findOrCreateServiceInterfaces started...
2021-02-22 10:57:10.169 DEBUG LAPTOP-VQ0I1IDC --- [0.1-2245-exec-1] e.a.c.s.ServiceRegistryController        : consumer successfully registers its service cltc_array_single
2021-02-22 10:58:28.321 DEBUG LAPTOP-VQ0I1IDC --- [0.1-2245-exec-3] e.a.c.f.ArrowheadFilter                  : Checking payload size...
2021-02-22 10:58:28.323 DEBUG LAPTOP-VQ0I1IDC --- [0.1-2245-exec-3] e.a.c.f.ArrowheadFilter                  : Checking access in AccessControlFilter...
2021-02-22 10:58:28.323  INFO LAPTOP-VQ0I1IDC --- [0.1-2245-exec-3] e.a.c.f.ArrowheadFilter                  : Das ist das cloudCN testcloud2.aitia.arrowhead.eu
2021-02-22 10:58:28.324 DEBUG LAPTOP-VQ0I1IDC --- [0.1-2245-exec-3] e.a.c.f.ArrowheadFilter                  : Using MultiReadRequestWrapper in the filter chain from now...
2021-02-22 10:58:28.487 DEBUG LAPTOP-VQ0I1IDC --- [0.1-2245-exec-4] e.a.c.f.ArrowheadFilter                  : Checking payload size...
2021-02-22 10:58:28.487 DEBUG LAPTOP-VQ0I1IDC --- [0.1-2245-exec-4] e.a.c.f.ArrowheadFilter                  : Checking access in AccessControlFilter...
2021-02-22 10:58:28.488  INFO LAPTOP-VQ0I1IDC --- [0.1-2245-exec-4] e.a.c.f.ArrowheadFilter                  : Das ist das cloudCN testcloud2.aitia.arrowhead.eu
2021-02-22 10:58:28.488 DEBUG LAPTOP-VQ0I1IDC --- [0.1-2245-exec-4] e.a.c.f.ArrowheadFilter                  : Using MultiReadRequestWrapper in the filter chain from now...
2021-02-22 10:58:28.491 DEBUG LAPTOP-VQ0I1IDC --- [0.1-2245-exec-4] e.a.c.s.ServiceRegistryController        : Service query request received
2021-02-22 10:58:28.491 DEBUG LAPTOP-VQ0I1IDC --- [0.1-2245-exec-4] e.a.c.s.d.s.ServiceRegistryDBService     : queryRegistry is started...
2021-02-22 10:58:28.494 DEBUG LAPTOP-VQ0I1IDC --- [0.1-2245-exec-4] e.a.c.s.d.s.ServiceRegistryDBService     : Service definition not found: get_array
2021-02-22 10:58:28.494 DEBUG LAPTOP-VQ0I1IDC --- [0.1-2245-exec-4] e.a.c.s.ServiceRegistryController        : Return 0 providers for service get_array
2021-02-22 10:58:28.527 DEBUG LAPTOP-VQ0I1IDC --- [0.1-2245-exec-5] e.a.c.f.ArrowheadFilter                  : Checking payload size...
2021-02-22 10:58:28.528 DEBUG LAPTOP-VQ0I1IDC --- [0.1-2245-exec-5] e.a.c.f.ArrowheadFilter                  : Checking access in AccessControlFilter...
2021-02-22 10:58:28.529  INFO LAPTOP-VQ0I1IDC --- [0.1-2245-exec-5] e.a.c.f.ArrowheadFilter                  : Das ist das cloudCN testcloud2.aitia.arrowhead.eu
2021-02-22 10:58:28.530 DEBUG LAPTOP-VQ0I1IDC --- [0.1-2245-exec-5] e.a.c.f.ArrowheadFilter                  : Using MultiReadRequestWrapper in the filter chain from now...
2021-02-22 10:58:28.534 DEBUG LAPTOP-VQ0I1IDC --- [0.1-2245-exec-5] e.a.c.s.ServiceRegistryController        : New service registration request recieved
2021-02-22 10:58:28.534 DEBUG LAPTOP-VQ0I1IDC --- [0.1-2245-exec-5] e.a.c.s.ServiceRegistryController        : checkServiceRegistryRequest started...
2021-02-22 10:58:28.535 DEBUG LAPTOP-VQ0I1IDC --- [0.1-2245-exec-5] e.a.c.s.ServiceRegistryController        : checkServiceRegistryRequest started...
2021-02-22 10:58:28.535 DEBUG LAPTOP-VQ0I1IDC --- [0.1-2245-exec-5] e.a.c.s.ServiceRegistryController        : checkSystemRequest started...
2021-02-22 10:58:28.535 DEBUG LAPTOP-VQ0I1IDC --- [0.1-2245-exec-5] e.a.c.i.ServiceInterfaceNameVerifier     : Interface name HTTP-SECURE-JSON validation result: true
2021-02-22 10:58:28.536 DEBUG LAPTOP-VQ0I1IDC --- [0.1-2245-exec-5] e.a.c.s.d.s.ServiceRegistryDBService     : registerServiceResponse started...
2021-02-22 10:58:28.537 DEBUG LAPTOP-VQ0I1IDC --- [0.1-2245-exec-5] e.a.c.s.d.s.ServiceRegistryDBService     : checkServiceRegistryRequest started...
2021-02-22 10:58:28.540 DEBUG LAPTOP-VQ0I1IDC --- [0.1-2245-exec-5] e.a.c.s.d.s.ServiceRegistryDBService     : createServiceDefinition started...
2021-02-22 10:58:28.540 DEBUG LAPTOP-VQ0I1IDC --- [0.1-2245-exec-5] e.a.c.s.d.s.ServiceRegistryDBService     : checkConstraintsOfServiceDefinitionTable started...
2021-02-22 10:58:28.551 DEBUG LAPTOP-VQ0I1IDC --- [0.1-2245-exec-5] e.a.c.s.d.s.ServiceRegistryDBService     : createSystem started...
2021-02-22 10:58:28.552 DEBUG LAPTOP-VQ0I1IDC --- [0.1-2245-exec-5] e.a.c.s.d.s.ServiceRegistryDBService     : validateNonNullSystemParameters started...
2021-02-22 10:58:28.552 DEBUG LAPTOP-VQ0I1IDC --- [0.1-2245-exec-5] e.a.c.s.d.s.ServiceRegistryDBService     : checkConstraintsOfSystemTable started...
2021-02-22 10:58:28.558 DEBUG LAPTOP-VQ0I1IDC --- [0.1-2245-exec-5] e.a.c.s.d.s.ServiceRegistryDBService     : createServiceRegistry started...
2021-02-22 10:58:28.559 DEBUG LAPTOP-VQ0I1IDC --- [0.1-2245-exec-5] e.a.c.s.d.s.ServiceRegistryDBService     : checkConstraintOfSystemRegistryTable started...
2021-02-22 10:58:28.562 DEBUG LAPTOP-VQ0I1IDC --- [0.1-2245-exec-5] e.a.c.s.d.s.ServiceRegistryDBService     : checkSRSecurityValue started...
2021-02-22 10:58:28.562 DEBUG LAPTOP-VQ0I1IDC --- [0.1-2245-exec-5] e.a.c.s.d.s.ServiceRegistryDBService     : checkSRServiceInterfacesList started...
2021-02-22 10:58:28.563 DEBUG LAPTOP-VQ0I1IDC --- [0.1-2245-exec-5] e.a.c.i.ServiceInterfaceNameVerifier     : Interface name HTTP-SECURE-JSON validation result: true
2021-02-22 10:58:28.565 DEBUG LAPTOP-VQ0I1IDC --- [0.1-2245-exec-5] e.a.c.s.d.s.ServiceRegistryDBService     : findOrCreateServiceInterfaces started...
2021-02-22 10:58:28.575 DEBUG LAPTOP-VQ0I1IDC --- [0.1-2245-exec-5] e.a.c.s.ServiceRegistryController        : producer successfully registers its service get_array
